<?xml version="1.0" encoding="UTF-8"?>
<testng-results ignored="0" total="1" passed="1" failed="0" skipped="0">
  <reporter-output>
  </reporter-output>
  <suite started-at="2023-04-02T22:27:04 PDT" name="Salesforce" finished-at="2023-04-02T22:27:45 PDT" duration-ms="41118">
    <groups>
    </groups>
    <test started-at="2023-04-02T22:27:04 PDT" name="Login" finished-at="2023-04-02T22:27:45 PDT" duration-ms="41118">
      <class name="com.salesforce.testcases.RandomScenariosTest">
        <test-method is-config="true" signature="beforeMethod(java.lang.String)[pri:0, instance:com.salesforce.testcases.RandomScenariosTest@7f010382]" started-at="2023-04-02T22:27:04 PDT" name="beforeMethod" finished-at="2023-04-02T22:27:13 PDT" duration-ms="8633" status="PASS">
          <params>
            <param index="0">
              <value>
                <![CDATA[https://teka-dev-ed.develop.my.salesforce.com/]]>
              </value>
            </param>
          </params>
          <reporter-output>
          </reporter-output>
        </test-method> <!-- beforeMethod -->
        <test-method signature="TC34(java.lang.String,java.lang.String)[pri:0, instance:com.salesforce.testcases.RandomScenariosTest@7f010382]" started-at="2023-04-02T22:27:13 PDT" name="TC34" finished-at="2023-04-02T22:27:45 PDT" duration-ms="31949" status="PASS">
          <params>
            <param index="0">
              <value>
                <![CDATA[deepika@mh.com]]>
              </value>
            </param>
            <param index="1">
              <value>
                <![CDATA[password@123]]>
              </value>
            </param>
          </params>
          <reporter-output>
          </reporter-output>
        </test-method> <!-- TC34 -->
        <test-method is-config="true" signature="teardown(java.lang.reflect.Method)[pri:0, instance:com.salesforce.testcases.RandomScenariosTest@7f010382]" started-at="2023-04-02T22:27:45 PDT" name="teardown" finished-at="2023-04-02T22:27:45 PDT" duration-ms="514" status="PASS">
          <params>
            <param index="0">
              <value>
                <![CDATA[public void com.salesforce.testcases.RandomScenariosTest.TC34(java.lang.String,java.lang.String)]]>
              </value>
            </param>
          </params>
          <reporter-output>
          </reporter-output>
        </test-method> <!-- teardown -->
      </class> <!-- com.salesforce.testcases.RandomScenariosTest -->
    </test> <!-- Login -->
  </suite> <!-- Salesforce -->
</testng-results>
