<?xml version="1.0" encoding="UTF-8"?>
<testng-results ignored="0" total="1" passed="1" failed="0" skipped="0">
  <reporter-output>
  </reporter-output>
  <suite started-at="2023-09-05T13:15:45 PDT" name="Suite" finished-at="2023-09-05T13:15:56 PDT" duration-ms="10508">
    <groups>
    </groups>
    <test started-at="2023-09-05T13:15:45 PDT" name="Test" finished-at="2023-09-05T13:15:45 PDT" duration-ms="1">
    </test> <!-- Test -->
    <test started-at="2023-09-05T13:15:45 PDT" name="Login" finished-at="2023-09-05T13:15:56 PDT" duration-ms="10429">
      <class name="com.amazon.tests.SignInTest">
        <test-method is-config="true" signature="beforeMethod(java.lang.String)[pri:0, instance:com.amazon.tests.SignInTest@12b0404f]" started-at="2023-09-05T13:15:45 PDT" name="beforeMethod" finished-at="2023-09-05T13:15:55 PDT" duration-ms="9541" status="PASS">
          <params>
            <param index="0">
              <value>
                <![CDATA[chrome]]>
              </value>
            </param>
          </params>
          <reporter-output>
          </reporter-output>
        </test-method> <!-- beforeMethod -->
        <test-method signature="SignIn()[pri:0, instance:com.amazon.tests.SignInTest@12b0404f]" started-at="2023-09-05T13:15:55 PDT" name="SignIn" finished-at="2023-09-05T13:15:55 PDT" duration-ms="2" status="PASS">
          <reporter-output>
          </reporter-output>
        </test-method> <!-- SignIn -->
        <test-method is-config="true" signature="teardown(java.lang.reflect.Method)[pri:0, instance:com.amazon.tests.SignInTest@12b0404f]" started-at="2023-09-05T13:15:55 PDT" name="teardown" finished-at="2023-09-05T13:15:56 PDT" duration-ms="875" status="PASS">
          <params>
            <param index="0">
              <value>
                <![CDATA[public void com.amazon.tests.SignInTest.SignIn()]]>
              </value>
            </param>
          </params>
          <reporter-output>
          </reporter-output>
        </test-method> <!-- teardown -->
      </class> <!-- com.amazon.tests.SignInTest -->
    </test> <!-- Login -->
  </suite> <!-- Suite -->
</testng-results>
